<?xml version='1.0'?>
<!DOCTYPE platform SYSTEM "https://simgrid.org/simgrid.dtd">
<platform version="4.1">
  <actor host="Cpu B" function="test_trace">
    <argument value="170"/>
    <argument value="1.0"/>
  </actor>
  <actor host="Cpu B" function="test_trace">
    <argument value="170"/>
    <argument value="1.0"/>
  </actor>
  <actor host="Cpu B" function="test_trace" start_time="30">
    <argument value="100"/>
    <argument value="1.0"/>
  </actor>
</platform>
