<?xml version='1.0'?>
<!DOCTYPE platform SYSTEM "https://simgrid.org/simgrid.dtd">
<platform version="4.1">
  <actor host="Cpu B" function="test_trace" start_time="10">
    <argument value="260"/>
    <argument value="1.0"/>
  </actor>
</platform>
