<?xml version='1.0'?>
<!DOCTYPE platform SYSTEM "https://simgrid.org/simgrid.dtd">
<platform version="4.1">
  <actor host="Cpu B" function="test_trace" start_time="10">
    <argument value="25"/>
    <argument value="1.0"/>
  </actor>
  <actor host="Cpu B" function="test_trace" start_time="10.5">
    <argument value="75"/>
    <argument value="3.0"/>
  </actor>
  <actor host="Cpu B" function="test_trace" start_time="20">
    <argument value="120"/>
    <argument value="4.0"/>
  </actor>
</platform>
