<?xml version='1.0'?>
<!DOCTYPE platform SYSTEM "http://simgrid.gforge.inria.fr/simgrid.dtd">
<platform version="3">
  <process host="Cpu B" function="test_trace">
  	<argument value="170"/>
  	<argument value="1.0"/>
  </process>
  <process host="Cpu B" function="test_trace">
  	<argument value="170"/>
  	<argument value="1.0"/>
  </process>
  <process host="Cpu B" function="test_trace" start_time="30">
  	<argument value="100"/>
  	<argument value="1.0"/>
  </process>
</platform>
