<?xml version='1.0'?>
<!DOCTYPE platform SYSTEM "http://simgrid.gforge.inria.fr/simgrid.dtd">
<platform version="3">
  <process host="Cpu B" function="test_trace" start_time="10">
  	<argument value="260"/>
  	<argument value="1.0"/>
  </process>
</platform>
